<?xml version="1.0" encoding="UTF-8"?>
<testng-results ignored="0" total="1" passed="1" failed="0" skipped="0">
  <reporter-output>
  </reporter-output>
  <suite started-at="2019-09-17T08:56:50Z" name="Default suite" finished-at="2019-09-17T08:57:19Z" duration-ms="28588">
    <groups>
    </groups>
    <test started-at="2019-09-17T08:56:50Z" name="Default test" finished-at="2019-09-17T08:57:19Z" duration-ms="28588">
      <class name="tests.Tests">
        <test-method is-config="true" signature="setup()[pri:0, instance:tests.Tests@609cd4d8]" started-at="2019-09-17T08:56:50Z" name="setup" finished-at="2019-09-17T08:56:50Z" duration-ms="8" status="PASS">
          <reporter-output>
          </reporter-output>
        </test-method> <!-- setup -->
        <test-method is-config="true" signature="navigation()[pri:0, instance:tests.Tests@609cd4d8]" started-at="2019-09-17T08:56:50Z" name="navigation" finished-at="2019-09-17T08:57:00Z" duration-ms="9520" status="PASS">
          <reporter-output>
          </reporter-output>
        </test-method> <!-- navigation -->
        <test-method signature="CreateNewDonationPageTest()[pri:0, instance:tests.Tests@609cd4d8]" started-at="2019-09-17T08:57:00Z" name="CreateNewDonationPageTest" finished-at="2019-09-17T08:57:18Z" duration-ms="18295" status="PASS">
          <reporter-output>
          </reporter-output>
        </test-method> <!-- CreateNewDonationPageTest -->
        <test-method is-config="true" signature="tearDown()[pri:0, instance:tests.Tests@609cd4d8]" started-at="2019-09-17T08:57:18Z" name="tearDown" finished-at="2019-09-17T08:57:19Z" duration-ms="750" status="PASS">
          <reporter-output>
          </reporter-output>
        </test-method> <!-- tearDown -->
      </class> <!-- tests.Tests -->
    </test> <!-- Default test -->
  </suite> <!-- Default suite -->
</testng-results>
