<?xml version="1.0" encoding="UTF-8"?>
<testng-results ignored="0" total="1" passed="1" failed="0" skipped="0">
  <reporter-output>
  </reporter-output>
  <suite started-at="2019-09-07T13:32:14Z" name="Default suite" finished-at="2019-09-07T13:32:18Z" duration-ms="3722">
    <groups>
    </groups>
    <test started-at="2019-09-07T13:32:14Z" name="Default test" finished-at="2019-09-07T13:32:18Z" duration-ms="3722">
      <class name="tests.Tests">
        <test-method signature="navigateToGoogleTest()[pri:0, instance:tests.Tests@d35dea7]" started-at="2019-09-07T13:32:14Z" name="navigateToGoogleTest" finished-at="2019-09-07T13:32:18Z" duration-ms="3715" status="PASS">
          <reporter-output>
          </reporter-output>
        </test-method> <!-- navigateToGoogleTest -->
      </class> <!-- tests.Tests -->
    </test> <!-- Default test -->
  </suite> <!-- Default suite -->
</testng-results>
