<?xml version="1.0" encoding="UTF-8"?>
<testng-results ignored="0" total="1" passed="1" failed="0" skipped="0">
  <reporter-output>
  </reporter-output>
  <suite started-at="2019-09-16T12:05:49Z" name="Default suite" finished-at="2019-09-16T12:06:10Z" duration-ms="20756">
    <groups>
    </groups>
    <test started-at="2019-09-16T12:05:49Z" name="Default test" finished-at="2019-09-16T12:06:10Z" duration-ms="20756">
      <class name="tests.Tests">
        <test-method is-config="true" signature="setup()[pri:0, instance:tests.Tests@609cd4d8]" started-at="2019-09-16T12:05:49Z" name="setup" finished-at="2019-09-16T12:05:49Z" duration-ms="9" status="PASS">
          <reporter-output>
          </reporter-output>
        </test-method> <!-- setup -->
        <test-method is-config="true" signature="navigation()[pri:0, instance:tests.Tests@609cd4d8]" started-at="2019-09-16T12:05:49Z" name="navigation" finished-at="2019-09-16T12:05:57Z" duration-ms="8429" status="PASS">
          <reporter-output>
          </reporter-output>
        </test-method> <!-- navigation -->
        <test-method signature="CreateNewDonationPageTest()[pri:0, instance:tests.Tests@609cd4d8]" started-at="2019-09-16T12:05:57Z" name="CreateNewDonationPageTest" finished-at="2019-09-16T12:06:07Z" duration-ms="9657" status="PASS">
          <reporter-output>
          </reporter-output>
        </test-method> <!-- CreateNewDonationPageTest -->
        <test-method is-config="true" signature="tearDown()[pri:0, instance:tests.Tests@609cd4d8]" started-at="2019-09-16T12:06:07Z" name="tearDown" finished-at="2019-09-16T12:06:10Z" duration-ms="2648" status="PASS">
          <reporter-output>
          </reporter-output>
        </test-method> <!-- tearDown -->
      </class> <!-- tests.Tests -->
    </test> <!-- Default test -->
  </suite> <!-- Default suite -->
</testng-results>
