<?xml version="1.0" encoding="UTF-8"?>
<testng-results ignored="0" total="1" passed="1" failed="0" skipped="0">
  <reporter-output>
  </reporter-output>
  <suite started-at="2019-09-07T15:34:15Z" name="Default suite" finished-at="2019-09-07T15:34:19Z" duration-ms="4522">
    <groups>
    </groups>
    <test started-at="2019-09-07T15:34:15Z" name="Default test" finished-at="2019-09-07T15:34:19Z" duration-ms="4522">
      <class name="tests.Tests">
        <test-method is-config="true" signature="beforeClass()[pri:0, instance:tests.Tests@4009e306]" started-at="2019-09-07T15:34:15Z" name="beforeClass" finished-at="2019-09-07T15:34:15Z" duration-ms="9" status="PASS">
          <reporter-output>
          </reporter-output>
        </test-method> <!-- beforeClass -->
        <test-method signature="navigateToGoogleTest()[pri:0, instance:tests.Tests@4009e306]" started-at="2019-09-07T15:34:15Z" name="navigateToGoogleTest" finished-at="2019-09-07T15:34:19Z" duration-ms="3860" status="PASS">
          <reporter-output>
          </reporter-output>
        </test-method> <!-- navigateToGoogleTest -->
        <test-method is-config="true" signature="afterTest()[pri:0, instance:tests.Tests@4009e306]" started-at="2019-09-07T15:34:19Z" name="afterTest" finished-at="2019-09-07T15:34:19Z" duration-ms="637" status="PASS">
          <reporter-output>
          </reporter-output>
        </test-method> <!-- afterTest -->
      </class> <!-- tests.Tests -->
    </test> <!-- Default test -->
  </suite> <!-- Default suite -->
</testng-results>
